This is pdfTeX, Version 3.141592653-2.6-1.40.24 (TeX Live 2022) (preloaded format=pdflatex 2022.9.8)  5 DEC 2022 21:25
entering extended mode
 restricted \write18 enabled.
 file:line:error style messages enabled.
 %&-line parsing enabled.
**sn-jnl.cls
(./sn-jnl.cls
LaTeX2e <2021-11-15> patch level 1
L3 programming layer <2022-02-24>

LaTeX Warning: You have requested package `',
               but the package provides `sn-jnl'.

Package: sn-jnl 2019/11/18 v0.1: An authoring template for Springer Journal art
icles

./sn-jnl.cls:58: LaTeX Error: Missing \begin{document}.

See the LaTeX manual or LaTeX Companion for explanation.
Type  H <return>  for immediate help.
 ...                                              
                                                  
l.58 \newif\if@
               restonecol
? 
./sn-jnl.cls:58: Emergency stop.
 ...                                              
                                                  
l.58 \newif\if@
               restonecol
You're in trouble here.  Try typing  <return>  to proceed.
If that doesn't work, type  X <return>  to quit.

 
Here is how much of TeX's memory you used:
 22 strings out of 478268
 534 string characters out of 5846348
 289381 words of memory out of 5000000
 18329 multiletter control sequences out of 15000+600000
 469259 words of font info for 28 fonts, out of 8000000 for 9000
 1141 hyphenation exceptions out of 8191
 13i,0n,12p,110b,14s stack positions out of 10000i,1000n,20000p,200000b,200000s
./sn-jnl.cls:58:  ==> Fatal error occurred, no output PDF file produced!
